<?xml version="1.0" encoding="utf-8"?>
<coverage line-rate="0.8934000000000001" branch-rate="0.6944" version="1.9" timestamp="1713456503" lines-covered="394" lines-valid="441" branches-covered="75" branches-valid="108">
  <sources>
    <source>E:\OOP\Lab12Hash\</source>
    <source>C:\</source>
  </sources>
  <packages>
    <package name="Lab12Hash" line-rate="0.8119" branch-rate="0.6944" complexity="122">
      <classes>
        <class name="Lab12Hash.Element`2" filename="Lab12Hash\Hash.cs" line-rate="1" branch-rate="0.75" complexity="9">
          <methods>
            <method name="get_Key" signature="()" line-rate="1" branch-rate="1" complexity="1">
              <lines>
                <line number="10" hits="152" branch="False" />
              </lines>
            </method>
            <method name="get_Value" signature="()" line-rate="1" branch-rate="1" complexity="1">
              <lines>
                <line number="11" hits="117" branch="False" />
              </lines>
            </method>
            <method name="get_NextElement" signature="()" line-rate="1" branch-rate="1" complexity="1">
              <lines>
                <line number="12" hits="59" branch="False" />
              </lines>
            </method>
            <method name="ToString" signature="()" line-rate="1" branch-rate="0.75" complexity="4">
              <lines>
                <line number="25" hits="5" branch="False" />
                <line number="26" hits="5" branch="True" condition-coverage="75% (3/4)">
                  <conditions>
                    <condition number="12" type="jump" coverage="50%" />
                    <condition number="33" type="jump" coverage="100%" />
                  </conditions>
                </line>
                <line number="27" hits="1" branch="False" />
                <line number="28" hits="4" branch="False" />
                <line number="29" hits="5" branch="False" />
              </lines>
            </method>
            <method name=".ctor" signature="(TKey,TValue,Lab12Hash.Element`2&lt;TKey,TValue&gt;)" line-rate="1" branch-rate="1" complexity="1">
              <lines>
                <line number="13" hits="34" branch="False" />
                <line number="14" hits="34" branch="False" />
                <line number="15" hits="34" branch="False" />
                <line number="16" hits="34" branch="False" />
                <line number="17" hits="34" branch="False" />
                <line number="18" hits="34" branch="False" />
              </lines>
            </method>
            <method name=".ctor" signature="(TKey,TValue)" line-rate="1" branch-rate="1" complexity="1">
              <lines>
                <line number="19" hits="25" branch="False" />
                <line number="20" hits="25" branch="False" />
                <line number="21" hits="25" branch="False" />
                <line number="22" hits="25" branch="False" />
                <line number="23" hits="25" branch="False" />
              </lines>
            </method>
          </methods>
          <lines>
            <line number="10" hits="152" branch="False" />
            <line number="11" hits="117" branch="False" />
            <line number="12" hits="59" branch="False" />
            <line number="25" hits="5" branch="False" />
            <line number="26" hits="5" branch="True" condition-coverage="75% (3/4)">
              <conditions>
                <condition number="12" type="jump" coverage="50%" />
                <condition number="33" type="jump" coverage="100%" />
              </conditions>
            </line>
            <line number="27" hits="1" branch="False" />
            <line number="28" hits="4" branch="False" />
            <line number="29" hits="5" branch="False" />
            <line number="13" hits="34" branch="False" />
            <line number="14" hits="34" branch="False" />
            <line number="15" hits="34" branch="False" />
            <line number="16" hits="34" branch="False" />
            <line number="17" hits="34" branch="False" />
            <line number="18" hits="34" branch="False" />
            <line number="19" hits="25" branch="False" />
            <line number="20" hits="25" branch="False" />
            <line number="21" hits="25" branch="False" />
            <line number="22" hits="25" branch="False" />
            <line number="23" hits="25" branch="False" />
          </lines>
        </class>
        <class name="Lab12Hash.HashTable`2" filename="Lab12Hash\Hash.cs" line-rate="0.78" branch-rate="0.6595" complexity="103">
          <methods>
            <method name="get_Capacity" signature="()" line-rate="1" branch-rate="1" complexity="1">
              <lines>
                <line number="35" hits="164" branch="False" />
              </lines>
            </method>
            <method name="get_Count" signature="()" line-rate="1" branch-rate="1" complexity="1">
              <lines>
                <line number="65" hits="86" branch="False" />
              </lines>
            </method>
            <method name="get_IsReadOnly" signature="()" line-rate="0" branch-rate="1" complexity="1">
              <lines>
                <line number="66" hits="0" branch="False" />
              </lines>
            </method>
            <method name="Add" signature="(Lab12Hash.Element`2&lt;TKey,TValue&gt;)" line-rate="1" branch-rate="1" complexity="1">
              <lines>
                <line number="69" hits="14" branch="False" />
                <line number="70" hits="14" branch="False" />
                <line number="71" hits="14" branch="False" />
              </lines>
            </method>
            <method name="Contains" signature="(Lab12Hash.Element`2&lt;TKey,TValue&gt;)" line-rate="0.6875" branch-rate="0.5832999999999999" complexity="12">
              <lines>
                <line number="73" hits="2" branch="False" />
                <line number="74" hits="2" branch="True" condition-coverage="50% (3/6)">
                  <conditions>
                    <condition number="7" type="jump" coverage="50%" />
                    <condition number="15" type="jump" coverage="50%" />
                    <condition number="36" type="jump" coverage="50%" />
                  </conditions>
                </line>
                <line number="75" hits="0" branch="False" />
                <line number="76" hits="0" branch="False" />
                <line number="78" hits="2" branch="False" />
                <line number="79" hits="2" branch="True" condition-coverage="100% (2/2)">
                  <conditions>
                    <condition number="76" type="jump" coverage="100%" />
                  </conditions>
                </line>
                <line number="80" hits="1" branch="False" />
                <line number="81" hits="1" branch="False" />
                <line number="83" hits="1" branch="True" condition-coverage="50% (1/2)">
                  <conditions>
                    <condition number="160" type="jump" coverage="50%" />
                  </conditions>
                </line>
                <line number="84" hits="1" branch="False" />
                <line number="85" hits="1" branch="True" condition-coverage="50% (1/2)">
                  <conditions>
                    <condition number="137" type="jump" coverage="50%" />
                  </conditions>
                </line>
                <line number="86" hits="1" branch="False" />
                <line number="87" hits="0" branch="False" />
                <line number="88" hits="0" branch="False" />
                <line number="89" hits="0" branch="False" />
                <line number="90" hits="1" branch="False" />
              </lines>
            </method>
            <method name="Remove" signature="(Lab12Hash.Element`2&lt;TKey,TValue&gt;)" line-rate="0.8332999999999999" branch-rate="0.5" complexity="4">
              <lines>
                <line number="93" hits="3" branch="False" />
                <line number="94" hits="3" branch="True" condition-coverage="50% (2/4)">
                  <conditions>
                    <condition number="12" type="jump" coverage="50%" />
                    <condition number="33" type="jump" coverage="50%" />
                  </conditions>
                </line>
                <line number="95" hits="0" branch="False" />
                <line number="96" hits="3" branch="False" />
                <line number="97" hits="3" branch="False" />
                <line number="98" hits="3" branch="False" />
              </lines>
            </method>
            <method name="CopyTo" signature="(Lab12Hash.Element`2&lt;TKey,TValue&gt;[],System.Int32)" line-rate="0.7" branch-rate="0.625" complexity="8">
              <lines>
                <line number="100" hits="1" branch="False" />
                <line number="101" hits="1" branch="True" condition-coverage="50% (1/2)">
                  <conditions>
                    <condition number="7" type="jump" coverage="50%" />
                  </conditions>
                </line>
                <line number="102" hits="0" branch="False" />
                <line number="103" hits="1" branch="True" condition-coverage="50% (1/2)">
                  <conditions>
                    <condition number="26" type="jump" coverage="50%" />
                  </conditions>
                </line>
                <line number="104" hits="0" branch="False" />
                <line number="105" hits="1" branch="True" condition-coverage="50% (1/2)">
                  <conditions>
                    <condition number="54" type="jump" coverage="50%" />
                  </conditions>
                </line>
                <line number="106" hits="0" branch="False" />
                <line number="108" hits="7" branch="True" condition-coverage="100% (2/2)">
                  <conditions>
                    <condition number="101" type="jump" coverage="100%" />
                  </conditions>
                </line>
                <line number="109" hits="2" branch="False" />
                <line number="110" hits="1" branch="False" />
              </lines>
            </method>
            <method name="Clear" signature="()" line-rate="1" branch-rate="1" complexity="1">
              <lines>
                <line number="112" hits="1" branch="False" />
                <line number="113" hits="1" branch="False" />
                <line number="114" hits="1" branch="False" />
                <line number="115" hits="1" branch="False" />
              </lines>
            </method>
            <method name="System.Collections.IEnumerable.GetEnumerator" signature="()" line-rate="0" branch-rate="1" complexity="1">
              <lines>
                <line number="133" hits="0" branch="False" />
                <line number="134" hits="0" branch="False" />
                <line number="135" hits="0" branch="False" />
              </lines>
            </method>
            <method name="get_Item" signature="(TKey)" line-rate="0.9285" branch-rate="0.9" complexity="10">
              <lines>
                <line number="141" hits="19" branch="False" />
                <line number="142" hits="19" branch="True" condition-coverage="100% (6/6)">
                  <conditions>
                    <condition number="7" type="jump" coverage="100%" />
                    <condition number="15" type="jump" coverage="100%" />
                    <condition number="29" type="jump" coverage="100%" />
                  </conditions>
                </line>
                <line number="143" hits="15" branch="False" />
                <line number="144" hits="15" branch="False" />
                <line number="145" hits="15" branch="False" />
                <line number="146" hits="18" branch="True" condition-coverage="50% (1/2)">
                  <conditions>
                    <condition number="104" type="jump" coverage="50%" />
                  </conditions>
                </line>
                <line number="147" hits="18" branch="False" />
                <line number="148" hits="18" branch="True" condition-coverage="100% (2/2)">
                  <conditions>
                    <condition number="81" type="jump" coverage="100%" />
                  </conditions>
                </line>
                <line number="149" hits="15" branch="False" />
                <line number="150" hits="3" branch="False" />
                <line number="151" hits="3" branch="False" />
                <line number="152" hits="0" branch="False" />
                <line number="153" hits="4" branch="False" />
                <line number="154" hits="19" branch="False" />
              </lines>
            </method>
            <method name="set_Item" signature="(TKey,Lab12Hash.Element`2&lt;TKey,TValue&gt;)" line-rate="0" branch-rate="0" complexity="10">
              <lines>
                <line number="156" hits="0" branch="False" />
                <line number="157" hits="0" branch="True" condition-coverage="0% (0/6)">
                  <conditions>
                    <condition number="7" type="jump" coverage="0%" />
                    <condition number="15" type="jump" coverage="0%" />
                    <condition number="29" type="jump" coverage="0%" />
                  </conditions>
                </line>
                <line number="158" hits="0" branch="False" />
                <line number="159" hits="0" branch="False" />
                <line number="160" hits="0" branch="False" />
                <line number="161" hits="0" branch="True" condition-coverage="0% (0/2)">
                  <conditions>
                    <condition number="101" type="jump" coverage="0%" />
                  </conditions>
                </line>
                <line number="162" hits="0" branch="False" />
                <line number="163" hits="0" branch="True" condition-coverage="0% (0/2)">
                  <conditions>
                    <condition number="81" type="jump" coverage="0%" />
                  </conditions>
                </line>
                <line number="164" hits="0" branch="False" />
                <line number="165" hits="0" branch="False" />
                <line number="166" hits="0" branch="False" />
                <line number="167" hits="0" branch="False" />
                <line number="169" hits="0" branch="False" />
              </lines>
            </method>
            <method name="GetIndex" signature="(TKey)" line-rate="1" branch-rate="1" complexity="4">
              <lines>
                <line number="172" hits="71" branch="False" />
                <line number="173" hits="71" branch="True" condition-coverage="100% (4/4)">
                  <conditions>
                    <condition number="7" type="jump" coverage="100%" />
                    <condition number="23" type="jump" coverage="100%" />
                  </conditions>
                </line>
                <line number="174" hits="1" branch="False" />
                <line number="175" hits="1" branch="False" />
                <line number="176" hits="1" branch="False" />
                <line number="178" hits="70" branch="False" />
                <line number="179" hits="70" branch="False" />
                <line number="180" hits="71" branch="False" />
              </lines>
            </method>
            <method name="Add" signature="(System.Collections.Generic.IEnumerable`1&lt;TValue&gt;)" line-rate="1" branch-rate="1" complexity="2">
              <lines>
                <line number="182" hits="1" branch="False" />
                <line number="183" hits="1" branch="False" />
                <line number="184" hits="9" branch="True" condition-coverage="100% (2/2)">
                  <conditions>
                    <condition number="81" type="jump" coverage="100%" />
                  </conditions>
                </line>
                <line number="185" hits="3" branch="False" />
                <line number="187" hits="3" branch="False" />
                <line number="188" hits="3" branch="False" />
                <line number="189" hits="3" branch="False" />
                <line number="190" hits="1" branch="False" />
              </lines>
            </method>
            <method name="Add" signature="(TKey,TValue)" line-rate="0.88" branch-rate="0.8" complexity="10">
              <lines>
                <line number="193" hits="33" branch="False" />
                <line number="194" hits="33" branch="True" condition-coverage="50% (2/4)">
                  <conditions>
                    <condition number="7" type="jump" coverage="50%" />
                    <condition number="23" type="jump" coverage="50%" />
                  </conditions>
                </line>
                <line number="195" hits="0" branch="False" />
                <line number="196" hits="0" branch="False" />
                <line number="197" hits="0" branch="False" />
                <line number="199" hits="33" branch="False" />
                <line number="200" hits="33" branch="False" />
                <line number="202" hits="33" branch="True" condition-coverage="100% (2/2)">
                  <conditions>
                    <condition number="84" type="jump" coverage="100%" />
                  </conditions>
                </line>
                <line number="203" hits="29" branch="False" />
                <line number="204" hits="29" branch="False" />
                <line number="205" hits="29" branch="False" />
                <line number="206" hits="29" branch="False" />
                <line number="208" hits="4" branch="False" />
                <line number="209" hits="7" branch="True" condition-coverage="100% (2/2)">
                  <conditions>
                    <condition number="198" type="jump" coverage="100%" />
                  </conditions>
                </line>
                <line number="210" hits="5" branch="False" />
                <line number="211" hits="5" branch="True" condition-coverage="100% (2/2)">
                  <conditions>
                    <condition number="163" type="jump" coverage="100%" />
                  </conditions>
                </line>
                <line number="212" hits="2" branch="False" />
                <line number="213" hits="2" branch="False" />
                <line number="214" hits="2" branch="False" />
                <line number="216" hits="3" branch="False" />
                <line number="217" hits="3" branch="False" />
                <line number="218" hits="2" branch="False" />
                <line number="219" hits="2" branch="False" />
                <line number="221" hits="2" branch="False" />
                <line number="222" hits="33" branch="False" />
              </lines>
            </method>
            <method name="Remove" signature="(TKey)" line-rate="0.7391" branch-rate="0.7" complexity="10">
              <lines>
                <line number="224" hits="4" branch="False" />
                <line number="225" hits="4" branch="True" condition-coverage="100% (4/4)">
                  <conditions>
                    <condition number="7" type="jump" coverage="100%" />
                    <condition number="23" type="jump" coverage="100%" />
                  </conditions>
                </line>
                <line number="226" hits="2" branch="False" />
                <line number="227" hits="2" branch="False" />
                <line number="228" hits="2" branch="False" />
                <line number="230" hits="2" branch="False" />
                <line number="231" hits="2" branch="False" />
                <line number="232" hits="2" branch="False" />
                <line number="234" hits="2" branch="True" condition-coverage="50% (1/2)">
                  <conditions>
                    <condition number="182" type="jump" coverage="50%" />
                  </conditions>
                </line>
                <line number="235" hits="2" branch="False" />
                <line number="236" hits="2" branch="True" condition-coverage="50% (1/2)">
                  <conditions>
                    <condition number="98" type="jump" coverage="50%" />
                  </conditions>
                </line>
                <line number="237" hits="2" branch="False" />
                <line number="238" hits="2" branch="True" condition-coverage="50% (1/2)">
                  <conditions>
                    <condition number="109" type="jump" coverage="50%" />
                  </conditions>
                </line>
                <line number="239" hits="0" branch="False" />
                <line number="241" hits="2" branch="False" />
                <line number="242" hits="2" branch="False" />
                <line number="243" hits="2" branch="False" />
                <line number="245" hits="0" branch="False" />
                <line number="246" hits="0" branch="False" />
                <line number="247" hits="0" branch="False" />
                <line number="248" hits="0" branch="False" />
                <line number="249" hits="0" branch="False" />
                <line number="251" hits="4" branch="False" />
              </lines>
            </method>
            <method name="Contains" signature="(TKey)" line-rate="0.75" branch-rate="0.6666" complexity="12">
              <lines>
                <line number="254" hits="18" branch="False" />
                <line number="255" hits="18" branch="True" condition-coverage="50% (3/6)">
                  <conditions>
                    <condition number="7" type="jump" coverage="50%" />
                    <condition number="15" type="jump" coverage="50%" />
                    <condition number="31" type="jump" coverage="50%" />
                  </conditions>
                </line>
                <line number="256" hits="0" branch="False" />
                <line number="257" hits="0" branch="False" />
                <line number="258" hits="0" branch="False" />
                <line number="260" hits="18" branch="False" />
                <line number="261" hits="18" branch="True" condition-coverage="100% (2/2)">
                  <conditions>
                    <condition number="72" type="jump" coverage="100%" />
                  </conditions>
                </line>
                <line number="262" hits="3" branch="False" />
                <line number="263" hits="3" branch="False" />
                <line number="264" hits="3" branch="False" />
                <line number="266" hits="15" branch="False" />
                <line number="268" hits="18" branch="True" condition-coverage="50% (1/2)">
                  <conditions>
                    <condition number="155" type="jump" coverage="50%" />
                  </conditions>
                </line>
                <line number="269" hits="18" branch="False" />
                <line number="270" hits="18" branch="True" condition-coverage="100% (2/2)">
                  <conditions>
                    <condition number="133" type="jump" coverage="100%" />
                  </conditions>
                </line>
                <line number="271" hits="15" branch="False" />
                <line number="272" hits="3" branch="False" />
                <line number="273" hits="3" branch="False" />
                <line number="274" hits="0" branch="False" />
                <line number="275" hits="0" branch="False" />
                <line number="276" hits="18" branch="False" />
              </lines>
            </method>
            <method name="Print" signature="()" line-rate="0.8" branch-rate="0.75" complexity="8">
              <lines>
                <line number="278" hits="2" branch="False" />
                <line number="279" hits="2" branch="True" condition-coverage="50% (2/4)">
                  <conditions>
                    <condition number="7" type="jump" coverage="50%" />
                    <condition number="23" type="jump" coverage="50%" />
                  </conditions>
                </line>
                <line number="280" hits="0" branch="False" />
                <line number="281" hits="0" branch="False" />
                <line number="282" hits="0" branch="False" />
                <line number="285" hits="44" branch="True" condition-coverage="100% (2/2)">
                  <conditions>
                    <condition number="98" type="jump" coverage="100%" />
                  </conditions>
                </line>
                <line number="286" hits="20" branch="False" />
                <line number="287" hits="20" branch="False" />
                <line number="288" hits="23" branch="True" condition-coverage="100% (2/2)">
                  <conditions>
                    <condition number="78" type="jump" coverage="100%" />
                  </conditions>
                </line>
                <line number="289" hits="6" branch="False" />
                <line number="290" hits="3" branch="False" />
                <line number="291" hits="3" branch="False" />
                <line number="292" hits="3" branch="False" />
                <line number="293" hits="20" branch="False" />
                <line number="294" hits="2" branch="False" />
              </lines>
            </method>
            <method name="ShallowCopy" signature="()" line-rate="1" branch-rate="1" complexity="1">
              <lines>
                <line number="296" hits="1" branch="False" />
                <line number="297" hits="1" branch="False" />
                <line number="298" hits="1" branch="False" />
              </lines>
            </method>
            <method name="Clone" signature="()" line-rate="1" branch-rate="1" complexity="1">
              <lines>
                <line number="300" hits="1" branch="False" />
                <line number="301" hits="1" branch="False" />
                <line number="302" hits="1" branch="False" />
              </lines>
            </method>
            <method name=".ctor" signature="()" line-rate="1" branch-rate="1" complexity="1">
              <lines>
                <line number="37" hits="3" branch="False" />
                <line number="38" hits="3" branch="False" />
                <line number="39" hits="3" branch="False" />
                <line number="40" hits="3" branch="False" />
                <line number="41" hits="3" branch="False" />
              </lines>
            </method>
            <method name=".ctor" signature="(System.Int32)" line-rate="1" branch-rate="1" complexity="2">
              <lines>
                <line number="43" hits="19" branch="False" />
                <line number="44" hits="19" branch="False" />
                <line number="45" hits="19" branch="True" condition-coverage="100% (2/2)">
                  <conditions>
                    <condition number="14" type="jump" coverage="100%" />
                  </conditions>
                </line>
                <line number="46" hits="1" branch="False" />
                <line number="47" hits="1" branch="False" />
                <line number="49" hits="18" branch="False" />
                <line number="50" hits="18" branch="False" />
                <line number="51" hits="18" branch="False" />
              </lines>
            </method>
            <method name=".ctor" signature="(Lab12Hash.HashTable`2&lt;TKey,TValue&gt;)" line-rate="1" branch-rate="1" complexity="2">
              <lines>
                <line number="53" hits="2" branch="False" />
                <line number="54" hits="2" branch="False" />
                <line number="55" hits="2" branch="False" />
                <line number="56" hits="2" branch="False" />
                <line number="57" hits="2" branch="False" />
                <line number="58" hits="14" branch="True" condition-coverage="100% (2/2)">
                  <conditions>
                    <condition number="94" type="jump" coverage="100%" />
                  </conditions>
                </line>
                <line number="59" hits="4" branch="False" />
                <line number="60" hits="4" branch="False" />
                <line number="61" hits="4" branch="False" />
                <line number="62" hits="2" branch="False" />
              </lines>
            </method>
          </methods>
          <lines>
            <line number="35" hits="164" branch="False" />
            <line number="65" hits="86" branch="False" />
            <line number="66" hits="0" branch="False" />
            <line number="69" hits="14" branch="False" />
            <line number="70" hits="14" branch="False" />
            <line number="71" hits="14" branch="False" />
            <line number="73" hits="2" branch="False" />
            <line number="74" hits="2" branch="True" condition-coverage="50% (3/6)">
              <conditions>
                <condition number="7" type="jump" coverage="50%" />
                <condition number="15" type="jump" coverage="50%" />
                <condition number="36" type="jump" coverage="50%" />
              </conditions>
            </line>
            <line number="75" hits="0" branch="False" />
            <line number="76" hits="0" branch="False" />
            <line number="78" hits="2" branch="False" />
            <line number="79" hits="2" branch="True" condition-coverage="100% (2/2)">
              <conditions>
                <condition number="76" type="jump" coverage="100%" />
              </conditions>
            </line>
            <line number="80" hits="1" branch="False" />
            <line number="81" hits="1" branch="False" />
            <line number="83" hits="1" branch="True" condition-coverage="50% (1/2)">
              <conditions>
                <condition number="160" type="jump" coverage="50%" />
              </conditions>
            </line>
            <line number="84" hits="1" branch="False" />
            <line number="85" hits="1" branch="True" condition-coverage="50% (1/2)">
              <conditions>
                <condition number="137" type="jump" coverage="50%" />
              </conditions>
            </line>
            <line number="86" hits="1" branch="False" />
            <line number="87" hits="0" branch="False" />
            <line number="88" hits="0" branch="False" />
            <line number="89" hits="0" branch="False" />
            <line number="90" hits="1" branch="False" />
            <line number="93" hits="3" branch="False" />
            <line number="94" hits="3" branch="True" condition-coverage="50% (2/4)">
              <conditions>
                <condition number="12" type="jump" coverage="50%" />
                <condition number="33" type="jump" coverage="50%" />
              </conditions>
            </line>
            <line number="95" hits="0" branch="False" />
            <line number="96" hits="3" branch="False" />
            <line number="97" hits="3" branch="False" />
            <line number="98" hits="3" branch="False" />
            <line number="100" hits="1" branch="False" />
            <line number="101" hits="1" branch="True" condition-coverage="50% (1/2)">
              <conditions>
                <condition number="7" type="jump" coverage="50%" />
              </conditions>
            </line>
            <line number="102" hits="0" branch="False" />
            <line number="103" hits="1" branch="True" condition-coverage="50% (1/2)">
              <conditions>
                <condition number="26" type="jump" coverage="50%" />
              </conditions>
            </line>
            <line number="104" hits="0" branch="False" />
            <line number="105" hits="1" branch="True" condition-coverage="50% (1/2)">
              <conditions>
                <condition number="54" type="jump" coverage="50%" />
              </conditions>
            </line>
            <line number="106" hits="0" branch="False" />
            <line number="108" hits="7" branch="True" condition-coverage="100% (2/2)">
              <conditions>
                <condition number="101" type="jump" coverage="100%" />
              </conditions>
            </line>
            <line number="109" hits="2" branch="False" />
            <line number="110" hits="1" branch="False" />
            <line number="112" hits="1" branch="False" />
            <line number="113" hits="1" branch="False" />
            <line number="114" hits="1" branch="False" />
            <line number="115" hits="1" branch="False" />
            <line number="133" hits="0" branch="False" />
            <line number="134" hits="0" branch="False" />
            <line number="135" hits="0" branch="False" />
            <line number="141" hits="19" branch="False" />
            <line number="142" hits="19" branch="True" condition-coverage="100% (6/6)">
              <conditions>
                <condition number="7" type="jump" coverage="100%" />
                <condition number="15" type="jump" coverage="100%" />
                <condition number="29" type="jump" coverage="100%" />
              </conditions>
            </line>
            <line number="143" hits="15" branch="False" />
            <line number="144" hits="15" branch="False" />
            <line number="145" hits="15" branch="False" />
            <line number="146" hits="18" branch="True" condition-coverage="50% (1/2)">
              <conditions>
                <condition number="104" type="jump" coverage="50%" />
              </conditions>
            </line>
            <line number="147" hits="18" branch="False" />
            <line number="148" hits="18" branch="True" condition-coverage="100% (2/2)">
              <conditions>
                <condition number="81" type="jump" coverage="100%" />
              </conditions>
            </line>
            <line number="149" hits="15" branch="False" />
            <line number="150" hits="3" branch="False" />
            <line number="151" hits="3" branch="False" />
            <line number="152" hits="0" branch="False" />
            <line number="153" hits="4" branch="False" />
            <line number="154" hits="19" branch="False" />
            <line number="156" hits="0" branch="False" />
            <line number="157" hits="0" branch="True" condition-coverage="0% (0/6)">
              <conditions>
                <condition number="7" type="jump" coverage="0%" />
                <condition number="15" type="jump" coverage="0%" />
                <condition number="29" type="jump" coverage="0%" />
              </conditions>
            </line>
            <line number="158" hits="0" branch="False" />
            <line number="159" hits="0" branch="False" />
            <line number="160" hits="0" branch="False" />
            <line number="161" hits="0" branch="True" condition-coverage="0% (0/2)">
              <conditions>
                <condition number="101" type="jump" coverage="0%" />
              </conditions>
            </line>
            <line number="162" hits="0" branch="False" />
            <line number="163" hits="0" branch="True" condition-coverage="0% (0/2)">
              <conditions>
                <condition number="81" type="jump" coverage="0%" />
              </conditions>
            </line>
            <line number="164" hits="0" branch="False" />
            <line number="165" hits="0" branch="False" />
            <line number="166" hits="0" branch="False" />
            <line number="167" hits="0" branch="False" />
            <line number="169" hits="0" branch="False" />
            <line number="172" hits="71" branch="False" />
            <line number="173" hits="71" branch="True" condition-coverage="100% (4/4)">
              <conditions>
                <condition number="7" type="jump" coverage="100%" />
                <condition number="23" type="jump" coverage="100%" />
              </conditions>
            </line>
            <line number="174" hits="1" branch="False" />
            <line number="175" hits="1" branch="False" />
            <line number="176" hits="1" branch="False" />
            <line number="178" hits="70" branch="False" />
            <line number="179" hits="70" branch="False" />
            <line number="180" hits="71" branch="False" />
            <line number="182" hits="1" branch="False" />
            <line number="183" hits="1" branch="False" />
            <line number="184" hits="9" branch="True" condition-coverage="100% (2/2)">
              <conditions>
                <condition number="81" type="jump" coverage="100%" />
              </conditions>
            </line>
            <line number="185" hits="3" branch="False" />
            <line number="187" hits="3" branch="False" />
            <line number="188" hits="3" branch="False" />
            <line number="189" hits="3" branch="False" />
            <line number="190" hits="1" branch="False" />
            <line number="193" hits="33" branch="False" />
            <line number="194" hits="33" branch="True" condition-coverage="50% (2/4)">
              <conditions>
                <condition number="7" type="jump" coverage="50%" />
                <condition number="23" type="jump" coverage="50%" />
              </conditions>
            </line>
            <line number="195" hits="0" branch="False" />
            <line number="196" hits="0" branch="False" />
            <line number="197" hits="0" branch="False" />
            <line number="199" hits="33" branch="False" />
            <line number="200" hits="33" branch="False" />
            <line number="202" hits="33" branch="True" condition-coverage="100% (2/2)">
              <conditions>
                <condition number="84" type="jump" coverage="100%" />
              </conditions>
            </line>
            <line number="203" hits="29" branch="False" />
            <line number="204" hits="29" branch="False" />
            <line number="205" hits="29" branch="False" />
            <line number="206" hits="29" branch="False" />
            <line number="208" hits="4" branch="False" />
            <line number="209" hits="7" branch="True" condition-coverage="100% (2/2)">
              <conditions>
                <condition number="198" type="jump" coverage="100%" />
              </conditions>
            </line>
            <line number="210" hits="5" branch="False" />
            <line number="211" hits="5" branch="True" condition-coverage="100% (2/2)">
              <conditions>
                <condition number="163" type="jump" coverage="100%" />
              </conditions>
            </line>
            <line number="212" hits="2" branch="False" />
            <line number="213" hits="2" branch="False" />
            <line number="214" hits="2" branch="False" />
            <line number="216" hits="3" branch="False" />
            <line number="217" hits="3" branch="False" />
            <line number="218" hits="2" branch="False" />
            <line number="219" hits="2" branch="False" />
            <line number="221" hits="2" branch="False" />
            <line number="222" hits="33" branch="False" />
            <line number="224" hits="4" branch="False" />
            <line number="225" hits="4" branch="True" condition-coverage="100% (4/4)">
              <conditions>
                <condition number="7" type="jump" coverage="100%" />
                <condition number="23" type="jump" coverage="100%" />
              </conditions>
            </line>
            <line number="226" hits="2" branch="False" />
            <line number="227" hits="2" branch="False" />
            <line number="228" hits="2" branch="False" />
            <line number="230" hits="2" branch="False" />
            <line number="231" hits="2" branch="False" />
            <line number="232" hits="2" branch="False" />
            <line number="234" hits="2" branch="True" condition-coverage="50% (1/2)">
              <conditions>
                <condition number="182" type="jump" coverage="50%" />
              </conditions>
            </line>
            <line number="235" hits="2" branch="False" />
            <line number="236" hits="2" branch="True" condition-coverage="50% (1/2)">
              <conditions>
                <condition number="98" type="jump" coverage="50%" />
              </conditions>
            </line>
            <line number="237" hits="2" branch="False" />
            <line number="238" hits="2" branch="True" condition-coverage="50% (1/2)">
              <conditions>
                <condition number="109" type="jump" coverage="50%" />
              </conditions>
            </line>
            <line number="239" hits="0" branch="False" />
            <line number="241" hits="2" branch="False" />
            <line number="242" hits="2" branch="False" />
            <line number="243" hits="2" branch="False" />
            <line number="245" hits="0" branch="False" />
            <line number="246" hits="0" branch="False" />
            <line number="247" hits="0" branch="False" />
            <line number="248" hits="0" branch="False" />
            <line number="249" hits="0" branch="False" />
            <line number="251" hits="4" branch="False" />
            <line number="254" hits="18" branch="False" />
            <line number="255" hits="18" branch="True" condition-coverage="50% (3/6)">
              <conditions>
                <condition number="7" type="jump" coverage="50%" />
                <condition number="15" type="jump" coverage="50%" />
                <condition number="31" type="jump" coverage="50%" />
              </conditions>
            </line>
            <line number="256" hits="0" branch="False" />
            <line number="257" hits="0" branch="False" />
            <line number="258" hits="0" branch="False" />
            <line number="260" hits="18" branch="False" />
            <line number="261" hits="18" branch="True" condition-coverage="100% (2/2)">
              <conditions>
                <condition number="72" type="jump" coverage="100%" />
              </conditions>
            </line>
            <line number="262" hits="3" branch="False" />
            <line number="263" hits="3" branch="False" />
            <line number="264" hits="3" branch="False" />
            <line number="266" hits="15" branch="False" />
            <line number="268" hits="18" branch="True" condition-coverage="50% (1/2)">
              <conditions>
                <condition number="155" type="jump" coverage="50%" />
              </conditions>
            </line>
            <line number="269" hits="18" branch="False" />
            <line number="270" hits="18" branch="True" condition-coverage="100% (2/2)">
              <conditions>
                <condition number="133" type="jump" coverage="100%" />
              </conditions>
            </line>
            <line number="271" hits="15" branch="False" />
            <line number="272" hits="3" branch="False" />
            <line number="273" hits="3" branch="False" />
            <line number="274" hits="0" branch="False" />
            <line number="275" hits="0" branch="False" />
            <line number="276" hits="18" branch="False" />
            <line number="278" hits="2" branch="False" />
            <line number="279" hits="2" branch="True" condition-coverage="50% (2/4)">
              <conditions>
                <condition number="7" type="jump" coverage="50%" />
                <condition number="23" type="jump" coverage="50%" />
              </conditions>
            </line>
            <line number="280" hits="0" branch="False" />
            <line number="281" hits="0" branch="False" />
            <line number="282" hits="0" branch="False" />
            <line number="285" hits="44" branch="True" condition-coverage="100% (2/2)">
              <conditions>
                <condition number="98" type="jump" coverage="100%" />
              </conditions>
            </line>
            <line number="286" hits="20" branch="False" />
            <line number="287" hits="20" branch="False" />
            <line number="288" hits="23" branch="True" condition-coverage="100% (2/2)">
              <conditions>
                <condition number="78" type="jump" coverage="100%" />
              </conditions>
            </line>
            <line number="289" hits="6" branch="False" />
            <line number="290" hits="3" branch="False" />
            <line number="291" hits="3" branch="False" />
            <line number="292" hits="3" branch="False" />
            <line number="293" hits="20" branch="False" />
            <line number="294" hits="2" branch="False" />
            <line number="296" hits="1" branch="False" />
            <line number="297" hits="1" branch="False" />
            <line number="298" hits="1" branch="False" />
            <line number="300" hits="1" branch="False" />
            <line number="301" hits="1" branch="False" />
            <line number="302" hits="1" branch="False" />
            <line number="37" hits="3" branch="False" />
            <line number="38" hits="3" branch="False" />
            <line number="39" hits="3" branch="False" />
            <line number="40" hits="3" branch="False" />
            <line number="41" hits="3" branch="False" />
            <line number="43" hits="19" branch="False" />
            <line number="44" hits="19" branch="False" />
            <line number="45" hits="19" branch="True" condition-coverage="100% (2/2)">
              <conditions>
                <condition number="14" type="jump" coverage="100%" />
              </conditions>
            </line>
            <line number="46" hits="1" branch="False" />
            <line number="47" hits="1" branch="False" />
            <line number="49" hits="18" branch="False" />
            <line number="50" hits="18" branch="False" />
            <line number="51" hits="18" branch="False" />
            <line number="53" hits="2" branch="False" />
            <line number="54" hits="2" branch="False" />
            <line number="55" hits="2" branch="False" />
            <line number="56" hits="2" branch="False" />
            <line number="57" hits="2" branch="False" />
            <line number="58" hits="14" branch="True" condition-coverage="100% (2/2)">
              <conditions>
                <condition number="94" type="jump" coverage="100%" />
              </conditions>
            </line>
            <line number="59" hits="4" branch="False" />
            <line number="60" hits="4" branch="False" />
            <line number="61" hits="4" branch="False" />
            <line number="62" hits="2" branch="False" />
          </lines>
        </class>
        <class name="Lab12Hash.HashTable`2/&lt;GetEnumerator&gt;d__18" filename="Lab12Hash\Hash.cs" line-rate="1" branch-rate="1" complexity="10">
          <methods>
            <method name="MoveNext" signature="()" line-rate="1" branch-rate="1" complexity="10">
              <lines>
                <line number="117" hits="3" branch="False" />
                <line number="118" hits="3" branch="True" condition-coverage="100% (2/2)">
                  <conditions>
                    <condition number="48" type="jump" coverage="100%" />
                  </conditions>
                </line>
                <line number="119" hits="3" branch="False" />
                <line number="120" hits="66" branch="True" condition-coverage="100% (2/2)">
                  <conditions>
                    <condition number="239" type="jump" coverage="100%" />
                  </conditions>
                </line>
                <line number="121" hits="30" branch="False" />
                <line number="122" hits="30" branch="False" />
                <line number="123" hits="36" branch="True" condition-coverage="100% (6/6)">
                  <conditions>
                    <condition number="190" type="jump" coverage="100%" />
                    <condition number="146" type="jump" coverage="100%" />
                    <condition number="164" type="jump" coverage="100%" />
                  </conditions>
                </line>
                <line number="124" hits="36" branch="False" />
                <line number="125" hits="6" branch="False" />
                <line number="126" hits="6" branch="False" />
                <line number="127" hits="6" branch="False" />
                <line number="128" hits="6" branch="False" />
                <line number="129" hits="30" branch="False" />
                <line number="130" hits="3" branch="False" />
                <line number="131" hits="3" branch="False" />
              </lines>
            </method>
          </methods>
          <lines>
            <line number="117" hits="3" branch="False" />
            <line number="118" hits="3" branch="True" condition-coverage="100% (2/2)">
              <conditions>
                <condition number="48" type="jump" coverage="100%" />
              </conditions>
            </line>
            <line number="119" hits="3" branch="False" />
            <line number="120" hits="66" branch="True" condition-coverage="100% (2/2)">
              <conditions>
                <condition number="239" type="jump" coverage="100%" />
              </conditions>
            </line>
            <line number="121" hits="30" branch="False" />
            <line number="122" hits="30" branch="False" />
            <line number="123" hits="36" branch="True" condition-coverage="100% (6/6)">
              <conditions>
                <condition number="190" type="jump" coverage="100%" />
                <condition number="146" type="jump" coverage="100%" />
                <condition number="164" type="jump" coverage="100%" />
              </conditions>
            </line>
            <line number="124" hits="36" branch="False" />
            <line number="125" hits="6" branch="False" />
            <line number="126" hits="6" branch="False" />
            <line number="127" hits="6" branch="False" />
            <line number="128" hits="6" branch="False" />
            <line number="129" hits="30" branch="False" />
            <line number="130" hits="3" branch="False" />
            <line number="131" hits="3" branch="False" />
          </lines>
        </class>
      </classes>
    </package>
    <package name="TestHash" line-rate="0.9854999999999999" branch-rate="1" complexity="30">
      <classes>
        <class name="AutoGeneratedProgram" filename="Users\yatoz\.nuget\packages\microsoft.net.test.sdk\17.6.0\build\netcoreapp3.1\Microsoft.NET.Test.Sdk.Program.cs" line-rate="0" branch-rate="1" complexity="1">
          <methods>
            <method name="Main" signature="(System.String[])" line-rate="0" branch-rate="1" complexity="1">
              <lines>
                <line number="4" hits="0" branch="False" />
              </lines>
            </method>
          </methods>
          <lines>
            <line number="4" hits="0" branch="False" />
          </lines>
        </class>
        <class name="TestHash.UnitTest1" filename="TestHash\UnitTest1.cs" line-rate="0.9902" branch-rate="1" complexity="29">
          <methods>
            <method name="TestElementCreationWithoutNext" signature="()" line-rate="1" branch-rate="1" complexity="1">
              <lines>
                <line number="10" hits="1" branch="False" />
                <line number="11" hits="1" branch="False" />
                <line number="12" hits="1" branch="False" />
                <line number="13" hits="1" branch="False" />
                <line number="14" hits="1" branch="False" />
                <line number="15" hits="1" branch="False" />
              </lines>
            </method>
            <method name="TestElementCreationWithNext" signature="()" line-rate="1" branch-rate="1" complexity="1">
              <lines>
                <line number="19" hits="1" branch="False" />
                <line number="20" hits="1" branch="False" />
                <line number="21" hits="1" branch="False" />
                <line number="22" hits="1" branch="False" />
                <line number="23" hits="1" branch="False" />
                <line number="24" hits="1" branch="False" />
                <line number="25" hits="1" branch="False" />
              </lines>
            </method>
            <method name="TestElementToString" signature="()" line-rate="1" branch-rate="1" complexity="1">
              <lines>
                <line number="29" hits="1" branch="False" />
                <line number="30" hits="1" branch="False" />
                <line number="31" hits="1" branch="False" />
                <line number="32" hits="1" branch="False" />
              </lines>
            </method>
            <method name="TestElementToString2" signature="()" line-rate="1" branch-rate="1" complexity="1">
              <lines>
                <line number="36" hits="1" branch="False" />
                <line number="37" hits="2" branch="False" />
                <line number="38" hits="1" branch="False" />
                <line number="39" hits="1" branch="False" />
              </lines>
            </method>
            <method name="TestElementCreationWithNullValues" signature="()" line-rate="1" branch-rate="1" complexity="1">
              <lines>
                <line number="43" hits="1" branch="False" />
                <line number="44" hits="1" branch="False" />
                <line number="45" hits="1" branch="False" />
                <line number="46" hits="1" branch="False" />
                <line number="47" hits="1" branch="False" />
                <line number="48" hits="1" branch="False" />
              </lines>
            </method>
            <method name="TestElementCreationWithNullKey" signature="()" line-rate="1" branch-rate="1" complexity="1">
              <lines>
                <line number="52" hits="1" branch="False" />
                <line number="53" hits="1" branch="False" />
                <line number="54" hits="1" branch="False" />
                <line number="55" hits="1" branch="False" />
                <line number="56" hits="1" branch="False" />
                <line number="57" hits="1" branch="False" />
              </lines>
            </method>
            <method name="TestElementCreationWithNullValue" signature="()" line-rate="1" branch-rate="1" complexity="1">
              <lines>
                <line number="61" hits="1" branch="False" />
                <line number="62" hits="1" branch="False" />
                <line number="63" hits="1" branch="False" />
                <line number="64" hits="1" branch="False" />
                <line number="65" hits="1" branch="False" />
                <line number="66" hits="1" branch="False" />
              </lines>
            </method>
            <method name="TestEmptyHashTableCreation" signature="()" line-rate="1" branch-rate="1" complexity="1">
              <lines>
                <line number="70" hits="1" branch="False" />
                <line number="71" hits="1" branch="False" />
                <line number="72" hits="1" branch="False" />
                <line number="73" hits="1" branch="False" />
                <line number="74" hits="1" branch="False" />
              </lines>
            </method>
            <method name="TestHashTableCreationWithCapacity" signature="()" line-rate="1" branch-rate="1" complexity="1">
              <lines>
                <line number="78" hits="1" branch="False" />
                <line number="79" hits="1" branch="False" />
                <line number="80" hits="1" branch="False" />
                <line number="81" hits="1" branch="False" />
                <line number="82" hits="1" branch="False" />
              </lines>
            </method>
            <method name="TestHashTableCreationWithNegativeCapacity" signature="()" line-rate="0.6666" branch-rate="1" complexity="1">
              <lines>
                <line number="87" hits="1" branch="False" />
                <line number="88" hits="1" branch="False" />
                <line number="89" hits="0" branch="False" />
              </lines>
            </method>
            <method name="TestHashTableCreationFromOtherHashTable" signature="()" line-rate="1" branch-rate="1" complexity="1">
              <lines>
                <line number="93" hits="1" branch="False" />
                <line number="94" hits="1" branch="False" />
                <line number="95" hits="1" branch="False" />
                <line number="96" hits="1" branch="False" />
                <line number="97" hits="1" branch="False" />
                <line number="98" hits="1" branch="False" />
                <line number="99" hits="1" branch="False" />
                <line number="100" hits="1" branch="False" />
                <line number="101" hits="1" branch="False" />
                <line number="102" hits="1" branch="False" />
              </lines>
            </method>
            <method name="TestAddElementToEmptyHashTable" signature="()" line-rate="1" branch-rate="1" complexity="1">
              <lines>
                <line number="106" hits="1" branch="False" />
                <line number="107" hits="1" branch="False" />
                <line number="108" hits="1" branch="False" />
                <line number="109" hits="1" branch="False" />
                <line number="110" hits="1" branch="False" />
                <line number="111" hits="1" branch="False" />
              </lines>
            </method>
            <method name="TestAddElementToHashTableWithCollision" signature="()" line-rate="1" branch-rate="1" complexity="1">
              <lines>
                <line number="115" hits="1" branch="False" />
                <line number="116" hits="1" branch="False" />
                <line number="117" hits="1" branch="False" />
                <line number="118" hits="1" branch="False" />
                <line number="119" hits="1" branch="False" />
                <line number="120" hits="1" branch="False" />
                <line number="121" hits="1" branch="False" />
                <line number="122" hits="1" branch="False" />
                <line number="123" hits="1" branch="False" />
                <line number="124" hits="1" branch="False" />
              </lines>
            </method>
            <method name="TestAddElementWithExistingKey" signature="()" line-rate="1" branch-rate="1" complexity="1">
              <lines>
                <line number="128" hits="1" branch="False" />
                <line number="129" hits="1" branch="False" />
                <line number="130" hits="1" branch="False" />
                <line number="131" hits="1" branch="False" />
                <line number="132" hits="1" branch="False" />
                <line number="133" hits="1" branch="False" />
                <line number="134" hits="1" branch="False" />
              </lines>
            </method>
            <method name="TestRemoveElementFromHashTable" signature="()" line-rate="1" branch-rate="1" complexity="1">
              <lines>
                <line number="138" hits="1" branch="False" />
                <line number="139" hits="1" branch="False" />
                <line number="140" hits="1" branch="False" />
                <line number="141" hits="1" branch="False" />
                <line number="142" hits="1" branch="False" />
                <line number="143" hits="1" branch="False" />
                <line number="144" hits="1" branch="False" />
                <line number="145" hits="1" branch="False" />
                <line number="146" hits="1" branch="False" />
              </lines>
            </method>
            <method name="TestFindElementInHashTable" signature="()" line-rate="1" branch-rate="1" complexity="1">
              <lines>
                <line number="150" hits="1" branch="False" />
                <line number="151" hits="1" branch="False" />
                <line number="152" hits="1" branch="False" />
                <line number="153" hits="1" branch="False" />
                <line number="154" hits="1" branch="False" />
                <line number="155" hits="1" branch="False" />
                <line number="156" hits="1" branch="False" />
                <line number="157" hits="1" branch="False" />
              </lines>
            </method>
            <method name="TestAddElement" signature="()" line-rate="1" branch-rate="1" complexity="1">
              <lines>
                <line number="161" hits="1" branch="False" />
                <line number="162" hits="1" branch="False" />
                <line number="163" hits="1" branch="False" />
                <line number="164" hits="1" branch="False" />
                <line number="165" hits="1" branch="False" />
                <line number="166" hits="1" branch="False" />
              </lines>
            </method>
            <method name="TestContainsElement" signature="()" line-rate="1" branch-rate="1" complexity="1">
              <lines>
                <line number="170" hits="1" branch="False" />
                <line number="171" hits="1" branch="False" />
                <line number="172" hits="1" branch="False" />
                <line number="173" hits="1" branch="False" />
                <line number="174" hits="1" branch="False" />
                <line number="175" hits="1" branch="False" />
              </lines>
            </method>
            <method name="TestRemoveElement" signature="()" line-rate="1" branch-rate="1" complexity="1">
              <lines>
                <line number="179" hits="1" branch="False" />
                <line number="180" hits="1" branch="False" />
                <line number="181" hits="1" branch="False" />
                <line number="182" hits="1" branch="False" />
                <line number="183" hits="1" branch="False" />
                <line number="184" hits="1" branch="False" />
                <line number="185" hits="1" branch="False" />
                <line number="186" hits="1" branch="False" />
              </lines>
            </method>
            <method name="TestRemoveElement1" signature="()" line-rate="1" branch-rate="1" complexity="1">
              <lines>
                <line number="189" hits="1" branch="False" />
                <line number="190" hits="1" branch="False" />
                <line number="191" hits="1" branch="False" />
                <line number="192" hits="1" branch="False" />
                <line number="193" hits="1" branch="False" />
                <line number="194" hits="1" branch="False" />
              </lines>
            </method>
            <method name="TestCopyTo" signature="()" line-rate="1" branch-rate="1" complexity="1">
              <lines>
                <line number="199" hits="1" branch="False" />
                <line number="200" hits="1" branch="False" />
                <line number="201" hits="1" branch="False" />
                <line number="202" hits="1" branch="False" />
                <line number="203" hits="1" branch="False" />
                <line number="204" hits="1" branch="False" />
                <line number="205" hits="1" branch="False" />
                <line number="206" hits="1" branch="False" />
                <line number="207" hits="1" branch="False" />
              </lines>
            </method>
            <method name="TestClear" signature="()" line-rate="1" branch-rate="1" complexity="1">
              <lines>
                <line number="211" hits="1" branch="False" />
                <line number="212" hits="1" branch="False" />
                <line number="213" hits="1" branch="False" />
                <line number="214" hits="1" branch="False" />
                <line number="215" hits="1" branch="False" />
                <line number="216" hits="1" branch="False" />
                <line number="217" hits="1" branch="False" />
              </lines>
            </method>
            <method name="TestContainsElementNotFound" signature="()" line-rate="1" branch-rate="1" complexity="1">
              <lines>
                <line number="221" hits="1" branch="False" />
                <line number="222" hits="1" branch="False" />
                <line number="223" hits="1" branch="False" />
                <line number="224" hits="1" branch="False" />
                <line number="225" hits="2" branch="False" />
                <line number="226" hits="1" branch="False" />
              </lines>
            </method>
            <method name="TestPrintEmptyHashTable" signature="()" line-rate="1" branch-rate="1" complexity="1">
              <lines>
                <line number="230" hits="1" branch="False" />
                <line number="231" hits="1" branch="False" />
                <line number="232" hits="1" branch="False" />
                <line number="233" hits="1" branch="False" />
                <line number="234" hits="1" branch="False" />
                <line number="235" hits="1" branch="False" />
                <line number="236" hits="1" branch="False" />
                <line number="237" hits="1" branch="False" />
                <line number="238" hits="1" branch="False" />
                <line number="239" hits="1" branch="False" />
              </lines>
            </method>
            <method name="TestPrintHashTable" signature="()" line-rate="1" branch-rate="1" complexity="1">
              <lines>
                <line number="243" hits="1" branch="False" />
                <line number="244" hits="1" branch="False" />
                <line number="245" hits="1" branch="False" />
                <line number="246" hits="1" branch="False" />
                <line number="247" hits="1" branch="False" />
                <line number="248" hits="1" branch="False" />
                <line number="249" hits="1" branch="False" />
                <line number="250" hits="1" branch="False" />
                <line number="251" hits="1" branch="False" />
                <line number="252" hits="1" branch="False" />
                <line number="253" hits="1" branch="False" />
                <line number="254" hits="1" branch="False" />
                <line number="255" hits="1" branch="False" />
              </lines>
            </method>
            <method name="TestShallowCopyHashTable" signature="()" line-rate="1" branch-rate="1" complexity="1">
              <lines>
                <line number="259" hits="1" branch="False" />
                <line number="260" hits="1" branch="False" />
                <line number="261" hits="1" branch="False" />
                <line number="262" hits="1" branch="False" />
                <line number="263" hits="1" branch="False" />
                <line number="264" hits="1" branch="False" />
                <line number="265" hits="1" branch="False" />
                <line number="266" hits="1" branch="False" />
                <line number="267" hits="1" branch="False" />
                <line number="268" hits="1" branch="False" />
                <line number="269" hits="1" branch="False" />
              </lines>
            </method>
            <method name="TestCloneHashTable" signature="()" line-rate="1" branch-rate="1" complexity="1">
              <lines>
                <line number="273" hits="1" branch="False" />
                <line number="274" hits="1" branch="False" />
                <line number="275" hits="1" branch="False" />
                <line number="276" hits="1" branch="False" />
                <line number="277" hits="1" branch="False" />
                <line number="278" hits="1" branch="False" />
                <line number="279" hits="1" branch="False" />
                <line number="280" hits="1" branch="False" />
                <line number="281" hits="1" branch="False" />
                <line number="282" hits="1" branch="False" />
                <line number="283" hits="1" branch="False" />
              </lines>
            </method>
            <method name="TestGetIndex" signature="()" line-rate="1" branch-rate="1" complexity="1">
              <lines>
                <line number="287" hits="1" branch="False" />
                <line number="288" hits="1" branch="False" />
                <line number="289" hits="1" branch="False" />
                <line number="290" hits="1" branch="False" />
                <line number="291" hits="1" branch="False" />
              </lines>
            </method>
            <method name="TestAddCollection" signature="()" line-rate="0.8332999999999999" branch-rate="1" complexity="1">
              <lines>
                <line number="295" hits="1" branch="False" />
                <line number="296" hits="1" branch="False" />
                <line number="297" hits="1" branch="False" />
                <line number="298" hits="1" branch="False" />
                <line number="299" hits="1" branch="False" />
                <line number="300" hits="0" branch="False" />
              </lines>
            </method>
          </methods>
          <lines>
            <line number="10" hits="1" branch="False" />
            <line number="11" hits="1" branch="False" />
            <line number="12" hits="1" branch="False" />
            <line number="13" hits="1" branch="False" />
            <line number="14" hits="1" branch="False" />
            <line number="15" hits="1" branch="False" />
            <line number="19" hits="1" branch="False" />
            <line number="20" hits="1" branch="False" />
            <line number="21" hits="1" branch="False" />
            <line number="22" hits="1" branch="False" />
            <line number="23" hits="1" branch="False" />
            <line number="24" hits="1" branch="False" />
            <line number="25" hits="1" branch="False" />
            <line number="29" hits="1" branch="False" />
            <line number="30" hits="1" branch="False" />
            <line number="31" hits="1" branch="False" />
            <line number="32" hits="1" branch="False" />
            <line number="36" hits="1" branch="False" />
            <line number="37" hits="2" branch="False" />
            <line number="38" hits="1" branch="False" />
            <line number="39" hits="1" branch="False" />
            <line number="43" hits="1" branch="False" />
            <line number="44" hits="1" branch="False" />
            <line number="45" hits="1" branch="False" />
            <line number="46" hits="1" branch="False" />
            <line number="47" hits="1" branch="False" />
            <line number="48" hits="1" branch="False" />
            <line number="52" hits="1" branch="False" />
            <line number="53" hits="1" branch="False" />
            <line number="54" hits="1" branch="False" />
            <line number="55" hits="1" branch="False" />
            <line number="56" hits="1" branch="False" />
            <line number="57" hits="1" branch="False" />
            <line number="61" hits="1" branch="False" />
            <line number="62" hits="1" branch="False" />
            <line number="63" hits="1" branch="False" />
            <line number="64" hits="1" branch="False" />
            <line number="65" hits="1" branch="False" />
            <line number="66" hits="1" branch="False" />
            <line number="70" hits="1" branch="False" />
            <line number="71" hits="1" branch="False" />
            <line number="72" hits="1" branch="False" />
            <line number="73" hits="1" branch="False" />
            <line number="74" hits="1" branch="False" />
            <line number="78" hits="1" branch="False" />
            <line number="79" hits="1" branch="False" />
            <line number="80" hits="1" branch="False" />
            <line number="81" hits="1" branch="False" />
            <line number="82" hits="1" branch="False" />
            <line number="87" hits="1" branch="False" />
            <line number="88" hits="1" branch="False" />
            <line number="89" hits="0" branch="False" />
            <line number="93" hits="1" branch="False" />
            <line number="94" hits="1" branch="False" />
            <line number="95" hits="1" branch="False" />
            <line number="96" hits="1" branch="False" />
            <line number="97" hits="1" branch="False" />
            <line number="98" hits="1" branch="False" />
            <line number="99" hits="1" branch="False" />
            <line number="100" hits="1" branch="False" />
            <line number="101" hits="1" branch="False" />
            <line number="102" hits="1" branch="False" />
            <line number="106" hits="1" branch="False" />
            <line number="107" hits="1" branch="False" />
            <line number="108" hits="1" branch="False" />
            <line number="109" hits="1" branch="False" />
            <line number="110" hits="1" branch="False" />
            <line number="111" hits="1" branch="False" />
            <line number="115" hits="1" branch="False" />
            <line number="116" hits="1" branch="False" />
            <line number="117" hits="1" branch="False" />
            <line number="118" hits="1" branch="False" />
            <line number="119" hits="1" branch="False" />
            <line number="120" hits="1" branch="False" />
            <line number="121" hits="1" branch="False" />
            <line number="122" hits="1" branch="False" />
            <line number="123" hits="1" branch="False" />
            <line number="124" hits="1" branch="False" />
            <line number="128" hits="1" branch="False" />
            <line number="129" hits="1" branch="False" />
            <line number="130" hits="1" branch="False" />
            <line number="131" hits="1" branch="False" />
            <line number="132" hits="1" branch="False" />
            <line number="133" hits="1" branch="False" />
            <line number="134" hits="1" branch="False" />
            <line number="138" hits="1" branch="False" />
            <line number="139" hits="1" branch="False" />
            <line number="140" hits="1" branch="False" />
            <line number="141" hits="1" branch="False" />
            <line number="142" hits="1" branch="False" />
            <line number="143" hits="1" branch="False" />
            <line number="144" hits="1" branch="False" />
            <line number="145" hits="1" branch="False" />
            <line number="146" hits="1" branch="False" />
            <line number="150" hits="1" branch="False" />
            <line number="151" hits="1" branch="False" />
            <line number="152" hits="1" branch="False" />
            <line number="153" hits="1" branch="False" />
            <line number="154" hits="1" branch="False" />
            <line number="155" hits="1" branch="False" />
            <line number="156" hits="1" branch="False" />
            <line number="157" hits="1" branch="False" />
            <line number="161" hits="1" branch="False" />
            <line number="162" hits="1" branch="False" />
            <line number="163" hits="1" branch="False" />
            <line number="164" hits="1" branch="False" />
            <line number="165" hits="1" branch="False" />
            <line number="166" hits="1" branch="False" />
            <line number="170" hits="1" branch="False" />
            <line number="171" hits="1" branch="False" />
            <line number="172" hits="1" branch="False" />
            <line number="173" hits="1" branch="False" />
            <line number="174" hits="1" branch="False" />
            <line number="175" hits="1" branch="False" />
            <line number="179" hits="1" branch="False" />
            <line number="180" hits="1" branch="False" />
            <line number="181" hits="1" branch="False" />
            <line number="182" hits="1" branch="False" />
            <line number="183" hits="1" branch="False" />
            <line number="184" hits="1" branch="False" />
            <line number="185" hits="1" branch="False" />
            <line number="186" hits="1" branch="False" />
            <line number="189" hits="1" branch="False" />
            <line number="190" hits="1" branch="False" />
            <line number="191" hits="1" branch="False" />
            <line number="192" hits="1" branch="False" />
            <line number="193" hits="1" branch="False" />
            <line number="194" hits="1" branch="False" />
            <line number="199" hits="1" branch="False" />
            <line number="200" hits="1" branch="False" />
            <line number="201" hits="1" branch="False" />
            <line number="202" hits="1" branch="False" />
            <line number="203" hits="1" branch="False" />
            <line number="204" hits="1" branch="False" />
            <line number="205" hits="1" branch="False" />
            <line number="206" hits="1" branch="False" />
            <line number="207" hits="1" branch="False" />
            <line number="211" hits="1" branch="False" />
            <line number="212" hits="1" branch="False" />
            <line number="213" hits="1" branch="False" />
            <line number="214" hits="1" branch="False" />
            <line number="215" hits="1" branch="False" />
            <line number="216" hits="1" branch="False" />
            <line number="217" hits="1" branch="False" />
            <line number="221" hits="1" branch="False" />
            <line number="222" hits="1" branch="False" />
            <line number="223" hits="1" branch="False" />
            <line number="224" hits="1" branch="False" />
            <line number="225" hits="2" branch="False" />
            <line number="226" hits="1" branch="False" />
            <line number="230" hits="1" branch="False" />
            <line number="231" hits="1" branch="False" />
            <line number="232" hits="1" branch="False" />
            <line number="233" hits="1" branch="False" />
            <line number="234" hits="1" branch="False" />
            <line number="235" hits="1" branch="False" />
            <line number="236" hits="1" branch="False" />
            <line number="237" hits="1" branch="False" />
            <line number="238" hits="1" branch="False" />
            <line number="239" hits="1" branch="False" />
            <line number="243" hits="1" branch="False" />
            <line number="244" hits="1" branch="False" />
            <line number="245" hits="1" branch="False" />
            <line number="246" hits="1" branch="False" />
            <line number="247" hits="1" branch="False" />
            <line number="248" hits="1" branch="False" />
            <line number="249" hits="1" branch="False" />
            <line number="250" hits="1" branch="False" />
            <line number="251" hits="1" branch="False" />
            <line number="252" hits="1" branch="False" />
            <line number="253" hits="1" branch="False" />
            <line number="254" hits="1" branch="False" />
            <line number="255" hits="1" branch="False" />
            <line number="259" hits="1" branch="False" />
            <line number="260" hits="1" branch="False" />
            <line number="261" hits="1" branch="False" />
            <line number="262" hits="1" branch="False" />
            <line number="263" hits="1" branch="False" />
            <line number="264" hits="1" branch="False" />
            <line number="265" hits="1" branch="False" />
            <line number="266" hits="1" branch="False" />
            <line number="267" hits="1" branch="False" />
            <line number="268" hits="1" branch="False" />
            <line number="269" hits="1" branch="False" />
            <line number="273" hits="1" branch="False" />
            <line number="274" hits="1" branch="False" />
            <line number="275" hits="1" branch="False" />
            <line number="276" hits="1" branch="False" />
            <line number="277" hits="1" branch="False" />
            <line number="278" hits="1" branch="False" />
            <line number="279" hits="1" branch="False" />
            <line number="280" hits="1" branch="False" />
            <line number="281" hits="1" branch="False" />
            <line number="282" hits="1" branch="False" />
            <line number="283" hits="1" branch="False" />
            <line number="287" hits="1" branch="False" />
            <line number="288" hits="1" branch="False" />
            <line number="289" hits="1" branch="False" />
            <line number="290" hits="1" branch="False" />
            <line number="291" hits="1" branch="False" />
            <line number="295" hits="1" branch="False" />
            <line number="296" hits="1" branch="False" />
            <line number="297" hits="1" branch="False" />
            <line number="298" hits="1" branch="False" />
            <line number="299" hits="1" branch="False" />
            <line number="300" hits="0" branch="False" />
          </lines>
        </class>
      </classes>
    </package>
  </packages>
</coverage>